[debug] [2019-11-22T19:12:20.506Z] ----------------------------------------------------------------------
[debug] [2019-11-22T19:12:20.521Z] Command:       C:\Users\Adam\AppData\Roaming\npm\node_modules\node\bin\node.exe C:\Users\Adam\AppData\Roaming\npm\node_modules\firebase-tools\lib\bin\firebase.js init
[debug] [2019-11-22T19:12:20.521Z] CLI Version:   7.7.0
[debug] [2019-11-22T19:12:20.521Z] Platform:      win32
[debug] [2019-11-22T19:12:20.522Z] Node Version:  v12.13.0
[debug] [2019-11-22T19:12:20.576Z] Time:          Fri Nov 22 2019 20:12:20 GMT+0100 (GMT+01:00)
[debug] [2019-11-22T19:12:20.576Z] ----------------------------------------------------------------------
[debug] [2019-11-22T19:12:20.576Z] 
[debug] [2019-11-22T19:12:20.741Z] > command requires scopes: ["email","openid","https://www.googleapis.com/auth/cloudplatformprojects.readonly","https://www.googleapis.com/auth/firebase","https://www.googleapis.com/auth/cloud-platform"]
[debug] [2019-11-22T19:12:20.742Z] > authorizing via signed-in user
[info] 
     ######## #### ########  ######## ########     ###     ######  ########
     ##        ##  ##     ## ##       ##     ##  ##   ##  ##       ##
     ######    ##  ########  ######   ########  #########  ######  ######
     ##        ##  ##    ##  ##       ##     ## ##     ##       ## ##
     ##       #### ##     ## ######## ########  ##     ##  ######  ########

You're about to initialize a Firebase project in this directory:

  D:\WorkSpace\next-space

Before we get started, keep in mind:

  * You are initializing in an existing Firebase project directory

[debug] [2019-11-22T19:13:20.707Z] Error: kill ENOSYS
    at process.kill (internal/process/per_thread.js:189:13)
    at process.listener (C:\Users\Adam\AppData\Roaming\npm\node_modules\firebase-tools\node_modules\signal-exit\index.js:95:15)
    at process.emit (events.js:210:5)
[error] 
[error] Error: An unexpected error has occurred.
